<?xml version="1.0" encoding="UTF-8" ?>
<testsuite errors="1" failures="0" hostname="dharmeshs-air.lan" name="Appium.SoundCloud.TestAppium" skipped="0" tests="1" time="0.0" timestamp="2014-06-29T16:28:49">
  <properties>
[...]
</properties>
  <error message="org/openqa/selenium/Capabilities" type="java.lang.NoClassDefFoundError">java.lang.NoClassDefFoundError: org/openqa/selenium/Capabilities
	at java.lang.Class.forName0(Native Method)
	at java.lang.Class.forName(Class.java:190)
Caused by: java.lang.ClassNotFoundException: org.openqa.selenium.Capabilities
	at java.net.URLClassLoader$1.run(URLClassLoader.java:366)
	at java.net.URLClassLoader$1.run(URLClassLoader.java:355)
	at java.security.AccessController.doPrivileged(Native Method)
	at java.net.URLClassLoader.findClass(URLClassLoader.java:354)
	at java.lang.ClassLoader.loadClass(ClassLoader.java:425)
	at sun.misc.Launcher$AppClassLoader.loadClass(Launcher.java:308)
	at java.lang.ClassLoader.loadClass(ClassLoader.java:358)
</error>
  <system-out><![CDATA[]]></system-out>
  <system-err><![CDATA[]]></system-err>
</testsuite>
