<?xml version="1.0" encoding="UTF-8"?>
<!-- Generated by org.testng.reporters.JUnitXMLReporter -->
<testsuite hostname="Dharmeshs-Air.lan" name="Default test" tests="5" failures="0" timestamp="2 Dec 2014 20:14:53 GMT" time="0.529" errors="0">
  <testcase name="checkContentType" time="0.034" classname="restAssured.TwitterTest"/>
  <testcase name="checkCookies" time="0.009" classname="restAssured.TwitterTest"/>
  <testcase name="checkFriendList" time="0.436" classname="restAssured.TwitterTest"/>
  <testcase name="checkHeader" time="0.001" classname="restAssured.TwitterTest"/>
  <testcase name="checkStatusSuccess" time="0.029" classname="restAssured.TwitterTest"/>
</testsuite> <!-- Default test -->
