<?xml version="1.0" encoding="UTF-8"?>
<testng-results skipped="0" failed="0" total="5" passed="5">
  <reporter-output>
  </reporter-output>
  <suite name="Default suite" duration-ms="529" started-at="2014-12-02T20:14:53Z" finished-at="2014-12-02T20:14:53Z">
    <groups>
      <group name="status">
        <method signature="TwitterTest.checkStatusSuccess()[pri:0, instance:restAssured.TwitterTest@597c3925]" name="checkStatusSuccess" class="restAssured.TwitterTest"/>
      </group> <!-- status -->
      <group name="functional">
        <method signature="TwitterTest.checkContentType()[pri:0, instance:restAssured.TwitterTest@597c3925]" name="checkContentType" class="restAssured.TwitterTest"/>
        <method signature="TwitterTest.checkCookies()[pri:0, instance:restAssured.TwitterTest@597c3925]" name="checkCookies" class="restAssured.TwitterTest"/>
        <method signature="TwitterTest.checkFriendList()[pri:0, instance:restAssured.TwitterTest@597c3925]" name="checkFriendList" class="restAssured.TwitterTest"/>
        <method signature="TwitterTest.checkHeader()[pri:0, instance:restAssured.TwitterTest@597c3925]" name="checkHeader" class="restAssured.TwitterTest"/>
      </group> <!-- functional -->
    </groups>
    <test name="Default test" duration-ms="529" started-at="2014-12-02T20:14:53Z" finished-at="2014-12-02T20:14:53Z">
      <class name="restAssured.TwitterTest">
        <test-method status="PASS" signature="setUp()[pri:0, instance:restAssured.TwitterTest@597c3925]" name="setUp" is-config="true" duration-ms="3067" started-at="2014-12-02T20:14:49Z" finished-at="2014-12-02T20:14:53Z">
          <reporter-output>
          </reporter-output>
        </test-method> <!-- setUp -->
        <test-method status="PASS" signature="checkContentType()[pri:0, instance:restAssured.TwitterTest@597c3925]" name="checkContentType" duration-ms="34" started-at="2014-12-02T20:14:53Z" finished-at="2014-12-02T20:14:53Z">
          <reporter-output>
          </reporter-output>
        </test-method> <!-- checkContentType -->
        <test-method status="PASS" signature="checkCookies()[pri:0, instance:restAssured.TwitterTest@597c3925]" name="checkCookies" duration-ms="9" started-at="2014-12-02T20:14:53Z" finished-at="2014-12-02T20:14:53Z">
          <reporter-output>
          </reporter-output>
        </test-method> <!-- checkCookies -->
        <test-method status="PASS" signature="checkFriendList()[pri:0, instance:restAssured.TwitterTest@597c3925]" name="checkFriendList" duration-ms="436" started-at="2014-12-02T20:14:53Z" finished-at="2014-12-02T20:14:53Z">
          <reporter-output>
          </reporter-output>
        </test-method> <!-- checkFriendList -->
        <test-method status="PASS" signature="checkHeader()[pri:0, instance:restAssured.TwitterTest@597c3925]" name="checkHeader" duration-ms="1" started-at="2014-12-02T20:14:53Z" finished-at="2014-12-02T20:14:53Z">
          <reporter-output>
          </reporter-output>
        </test-method> <!-- checkHeader -->
        <test-method status="PASS" signature="checkStatusSuccess()[pri:0, instance:restAssured.TwitterTest@597c3925]" name="checkStatusSuccess" duration-ms="29" started-at="2014-12-02T20:14:53Z" finished-at="2014-12-02T20:14:53Z">
          <reporter-output>
          </reporter-output>
        </test-method> <!-- checkStatusSuccess -->
      </class> <!-- restAssured.TwitterTest -->
    </test> <!-- Default test -->
  </suite> <!-- Default suite -->
</testng-results>
